<?xml version="1.0" encoding="UTF-8"?>
<!-- Generated by org.testng.reporters.JUnitReportReporter -->
<testsuite skipped="0" hostname="Loaners-MacBook-Pro.local" name="Practise.ApiDemo" tests="2" failures="0" timestamp="08 Nov 2020 15:09:41 GMT" time="52.395" errors="0">
  <testcase name="apidemo" time="23.681" classname="Practise.ApiDemo"/>
  <testcase name="apidemo" time="28.714" classname="Practise.ApiDemo"/>
</testsuite> <!-- Practise.ApiDemo -->
