<?xml version="1.0" encoding="UTF-8"?>
<!-- Generated by org.testng.reporters.JUnitReportReporter -->
<testsuite skipped="0" hostname="Loaners-MacBook-Pro.local" name="Practise.Ecomerce_tc_04" tests="1" failures="0" timestamp="08 Nov 2020 15:09:46 GMT" time="33.743" errors="0">
  <testcase name="totalvalidation" time="33.743" classname="Practise.Ecomerce_tc_04"/>
</testsuite> <!-- Practise.Ecomerce_tc_04 -->
